🤖 Bot HIMAUNTIKA starting...
📍 Server Time: Fri Oct 24 2025 13:13:25 GMT+0700 (Western Indonesia Time)
📍 Jakarta Time: 24/10/2025, 13.13.25
✅ Bot WhatsApp berhasil terhubung!
⏰ Cron jobs scheduled for WIB timezone:
   - Kas: Senin, Rabu, Jumat 12:00 & 20:00 WIB
   - Agenda: Senin 10:00 WIB
   - Piket: Setiap hari kerja 08:00 & 18:00 WIB
   - Piket Pagi: 12:00 WIB
   - Piket Malam: 19:30 WIB
   - Piket Check: 22:00 WIB
❌ Koneksi terputus. reconnect: true
✅ Bot WhatsApp berhasil terhubung!
⏰ Cron jobs scheduled for WIB timezone:
   - Kas: Senin, Rabu, Jumat 12:00 & 20:00 WIB
   - Agenda: Senin 10:00 WIB
   - Piket: Setiap hari kerja 08:00 & 18:00 WIB
   - Piket Pagi: 12:00 WIB
   - Piket Malam: 19:30 WIB
   - Piket Check: 22:00 WIB
❌ Koneksi terputus. reconnect: true
✅ Bot WhatsApp berhasil terhubung!
⏰ Cron jobs scheduled for WIB timezone:
   - Kas: Senin, Rabu, Jumat 12:00 & 20:00 WIB
   - Agenda: Senin 10:00 WIB
   - Piket: Setiap hari kerja 08:00 & 18:00 WIB
   - Piket Pagi: 12:00 WIB
   - Piket Malam: 19:30 WIB
   - Piket Check: 22:00 WIB
❌ Koneksi terputus. reconnect: true
✅ Bot WhatsApp berhasil terhubung!
⏰ Cron jobs scheduled for WIB timezone:
   - Kas: Senin, Rabu, Jumat 12:00 & 20:00 WIB
   - Agenda: Senin 10:00 WIB
   - Piket: Setiap hari kerja 08:00 & 18:00 WIB
   - Piket Pagi: 12:00 WIB
   - Piket Malam: 19:30 WIB
   - Piket Check: 22:00 WIB
❌ Koneksi terputus. reconnect: true
✅ Bot WhatsApp berhasil terhubung!
⏰ Cron jobs scheduled for WIB timezone:
   - Kas: Senin, Rabu, Jumat 12:00 & 20:00 WIB
   - Agenda: Senin 10:00 WIB
   - Piket: Setiap hari kerja 08:00 & 18:00 WIB
   - Piket Pagi: 12:00 WIB
   - Piket Malam: 19:30 WIB
   - Piket Check: 22:00 WIB
❌ Koneksi terputus. reconnect: true
✅ Bot WhatsApp berhasil terhubung!
⏰ Cron jobs scheduled for WIB timezone:
   - Kas: Senin, Rabu, Jumat 12:00 & 20:00 WIB
   - Agenda: Senin 10:00 WIB
   - Piket: Setiap hari kerja 08:00 & 18:00 WIB
   - Piket Pagi: 12:00 WIB
   - Piket Malam: 19:30 WIB
   - Piket Check: 22:00 WIB
❌ Koneksi terputus. reconnect: true
✅ Bot WhatsApp berhasil terhubung!
⏰ Cron jobs scheduled for WIB timezone:
   - Kas: Senin, Rabu, Jumat 12:00 & 20:00 WIB
   - Agenda: Senin 10:00 WIB
   - Piket: Setiap hari kerja 08:00 & 18:00 WIB
   - Piket Pagi: 12:00 WIB
   - Piket Malam: 19:30 WIB
   - Piket Check: 22:00 WIB
❌ Koneksi terputus. reconnect: true
✅ Bot WhatsApp berhasil terhubung!
⏰ Cron jobs scheduled for WIB timezone:
   - Kas: Senin, Rabu, Jumat 12:00 & 20:00 WIB
   - Agenda: Senin 10:00 WIB
   - Piket: Setiap hari kerja 08:00 & 18:00 WIB
   - Piket Pagi: 12:00 WIB
   - Piket Malam: 19:30 WIB
   - Piket Check: 22:00 WIB
❌ Koneksi terputus. reconnect: true
✅ Bot WhatsApp berhasil terhubung!
⏰ Cron jobs scheduled for WIB timezone:
   - Kas: Senin, Rabu, Jumat 12:00 & 20:00 WIB
   - Agenda: Senin 10:00 WIB
   - Piket: Setiap hari kerja 08:00 & 18:00 WIB
   - Piket Pagi: 12:00 WIB
   - Piket Malam: 19:30 WIB
   - Piket Check: 22:00 WIB
❌ Koneksi terputus. reconnect: true
✅ Bot WhatsApp berhasil terhubung!
⏰ Cron jobs scheduled for WIB timezone:
   - Kas: Senin, Rabu, Jumat 12:00 & 20:00 WIB
   - Agenda: Senin 10:00 WIB
   - Piket: Setiap hari kerja 08:00 & 18:00 WIB
   - Piket Pagi: 12:00 WIB
   - Piket Malam: 19:30 WIB
   - Piket Check: 22:00 WIB
❌ Koneksi terputus. reconnect: true
✅ Bot WhatsApp berhasil terhubung!
⏰ Cron jobs scheduled for WIB timezone:
   - Kas: Senin, Rabu, Jumat 12:00 & 20:00 WIB
   - Agenda: Senin 10:00 WIB
   - Piket: Setiap hari kerja 08:00 & 18:00 WIB
   - Piket Pagi: 12:00 WIB
   - Piket Malam: 19:30 WIB
   - Piket Check: 22:00 WIB
❌ Koneksi terputus. reconnect: true
✅ Bot WhatsApp berhasil terhubung!
⏰ Cron jobs scheduled for WIB timezone:
   - Kas: Senin, Rabu, Jumat 12:00 & 20:00 WIB
   - Agenda: Senin 10:00 WIB
   - Piket: Setiap hari kerja 08:00 & 18:00 WIB
   - Piket Pagi: 12:00 WIB
   - Piket Malam: 19:30 WIB
   - Piket Check: 22:00 WIB
❌ Koneksi terputus. reconnect: true
✅ Bot WhatsApp berhasil terhubung!
⏰ Cron jobs scheduled for WIB timezone:
   - Kas: Senin, Rabu, Jumat 12:00 & 20:00 WIB
   - Agenda: Senin 10:00 WIB
   - Piket: Setiap hari kerja 08:00 & 18:00 WIB
   - Piket Pagi: 12:00 WIB
   - Piket Malam: 19:30 WIB
   - Piket Check: 22:00 WIB
❌ Koneksi terputus. reconnect: true
✅ Bot WhatsApp berhasil terhubung!
⏰ Cron jobs scheduled for WIB timezone:
   - Kas: Senin, Rabu, Jumat 12:00 & 20:00 WIB
   - Agenda: Senin 10:00 WIB
   - Piket: Setiap hari kerja 08:00 & 18:00 WIB
   - Piket Pagi: 12:00 WIB
   - Piket Malam: 19:30 WIB
   - Piket Check: 22:00 WIB
❌ Koneksi terputus. reconnect: true
✅ Bot WhatsApp berhasil terhubung!
⏰ Cron jobs scheduled for WIB timezone:
   - Kas: Senin, Rabu, Jumat 12:00 & 20:00 WIB
   - Agenda: Senin 10:00 WIB
   - Piket: Setiap hari kerja 08:00 & 18:00 WIB
   - Piket Pagi: 12:00 WIB
   - Piket Malam: 19:30 WIB
   - Piket Check: 22:00 WIB
❌ Koneksi terputus. reconnect: true
✅ Bot WhatsApp berhasil terhubung!
⏰ Cron jobs scheduled for WIB timezone:
   - Kas: Senin, Rabu, Jumat 12:00 & 20:00 WIB
   - Agenda: Senin 10:00 WIB
   - Piket: Setiap hari kerja 08:00 & 18:00 WIB
   - Piket Pagi: 12:00 WIB
   - Piket Malam: 19:30 WIB
   - Piket Check: 22:00 WIB
❌ Koneksi terputus. reconnect: true
✅ Bot WhatsApp berhasil terhubung!
⏰ Cron jobs scheduled for WIB timezone:
   - Kas: Senin, Rabu, Jumat 12:00 & 20:00 WIB
   - Agenda: Senin 10:00 WIB
   - Piket: Setiap hari kerja 08:00 & 18:00 WIB
   - Piket Pagi: 12:00 WIB
   - Piket Malam: 19:30 WIB
   - Piket Check: 22:00 WIB
❌ Koneksi terputus. reconnect: true
✅ Bot WhatsApp berhasil terhubung!
⏰ Cron jobs scheduled for WIB timezone:
   - Kas: Senin, Rabu, Jumat 12:00 & 20:00 WIB
   - Agenda: Senin 10:00 WIB
   - Piket: Setiap hari kerja 08:00 & 18:00 WIB
   - Piket Pagi: 12:00 WIB
   - Piket Malam: 19:30 WIB
   - Piket Check: 22:00 WIB
❌ Koneksi terputus. reconnect: true
✅ Bot WhatsApp berhasil terhubung!
⏰ Cron jobs scheduled for WIB timezone:
   - Kas: Senin, Rabu, Jumat 12:00 & 20:00 WIB
   - Agenda: Senin 10:00 WIB
   - Piket: Setiap hari kerja 08:00 & 18:00 WIB
   - Piket Pagi: 12:00 WIB
   - Piket Malam: 19:30 WIB
   - Piket Check: 22:00 WIB
❌ Koneksi terputus. reconnect: true
✅ Bot WhatsApp berhasil terhubung!
⏰ Cron jobs scheduled for WIB timezone:
   - Kas: Senin, Rabu, Jumat 12:00 & 20:00 WIB
   - Agenda: Senin 10:00 WIB
   - Piket: Setiap hari kerja 08:00 & 18:00 WIB
   - Piket Pagi: 12:00 WIB
   - Piket Malam: 19:30 WIB
   - Piket Check: 22:00 WIB
❌ Koneksi terputus. reconnect: true
🤖 Bot HIMAUNTIKA starting...
📍 Server Time: Fri Oct 24 2025 13:24:50 GMT+0700 (Western Indonesia Time)
📍 Jakarta Time: 24/10/2025, 13.24.50
✅ Bot WhatsApp berhasil terhubung!
⏰ Cron jobs scheduled for WIB timezone:
   - Kas: Senin, Rabu, Jumat 12:00 & 20:00 WIB
   - Agenda: Senin 10:00 WIB
   - Piket: Setiap hari kerja 08:00 & 18:00 WIB
   - Piket Pagi: 12:00 WIB
   - Piket Malam: 19:30 WIB
   - Piket Check: 22:00 WIB
Closing session: SessionEntry {
  _chains: {
    'Bbhg1RUhOQg8LrYJvFS5ITE9GCIig/CjvbJ5tYnT9Ucr': { chainKey: [Object], chainType: 2, messageKeys: {} },
    'BRepp6YDRuzob0L+fcxi4VYltOSFA9HmzWJvWwbXiaIL': { chainKey: [Object], chainType: 1, messageKeys: {} }
  },
  registrationId: 1065335444,
  currentRatchet: {
    ephemeralKeyPair: {
      pubKey: <Buffer 05 17 a9 a7 a6 03 46 ec e8 6f 42 fe 7d cc 62 e1 56 25 b4 e4 85 03 d1 e6 cd 62 6f 5b 06 d7 89 a2 0b>,
      privKey: <Buffer 20 8a 0c d6 bf 77 d5 84 8d 30 e5 be 3a c9 e4 5b 6f 2a ce cb f7 e9 40 30 f9 12 6a 03 6f 94 28 78>
    },
    lastRemoteEphemeralKey: <Buffer 05 b8 60 d5 15 21 39 08 3c 2e b6 09 bc 54 b9 21 31 3d 18 22 22 83 f0 a3 bd b2 79 b5 89 d3 f5 47 2b>,
    previousCounter: 0,
    rootKey: <Buffer 4e 0c b2 28 ec 45 29 4a 04 e2 3c 7b 17 9c e3 4b d0 bf e3 9d 09 85 5d 21 9b 68 92 2b b3 6b 6c 24>
  },
  indexInfo: {
    baseKey: <Buffer 05 42 14 22 d6 cf a1 b0 b5 14 5d c7 ab c6 59 d2 56 94 1e c8 5d 94 9a ab 8b db f7 27 22 4c 57 2b 5f>,
    baseKeyType: 2,
    closed: -1,
    used: 1760796771642,
    created: 1760796771642,
    remoteIdentityKey: <Buffer 05 ff ef fc 8f 91 82 fb c5 49 87 83 6f b7 46 ee c2 9e f4 25 ee 43 01 31 f5 4c a6 80 29 68 9a 8c 78>
  }
}
