Failed to decrypt message with any known session...
Session error:Error: Bad MAC Error: Bad MAC
    at Object.verifyMAC (C:\whatsapp_bot_himauntika\node_modules\libsignal\src\crypto.js:87:15)
    at SessionCipher.doDecryptWhisperMessage (C:\whatsapp_bot_himauntika\node_modules\libsignal\src\session_cipher.js:250:16)
    at async SessionCipher.decryptWithSessions (C:\whatsapp_bot_himauntika\node_modules\libsignal\src\session_cipher.js:147:29)
    at async 86136139558955.0 [as awaitable] (C:\whatsapp_bot_himauntika\node_modules\libsignal\src\session_cipher.js:171:28)
    at async _asyncQueueExecutor (C:\whatsapp_bot_himauntika\node_modules\libsignal\src\queue_job.js:20:29)
Session error:Error: Bad MAC Error: Bad MAC
    at Object.verifyMAC (C:\whatsapp_bot_himauntika\node_modules\libsignal\src\crypto.js:87:15)
    at SessionCipher.doDecryptWhisperMessage (C:\whatsapp_bot_himauntika\node_modules\libsignal\src\session_cipher.js:250:16)
    at async SessionCipher.decryptWithSessions (C:\whatsapp_bot_himauntika\node_modules\libsignal\src\session_cipher.js:147:29)
    at async 86136139558955.0 [as awaitable] (C:\whatsapp_bot_himauntika\node_modules\libsignal\src\session_cipher.js:171:28)
    at async _asyncQueueExecutor (C:\whatsapp_bot_himauntika\node_modules\libsignal\src\queue_job.js:20:29)
Session error:Error: Bad MAC Error: Bad MAC
    at Object.verifyMAC (C:\whatsapp_bot_himauntika\node_modules\libsignal\src\crypto.js:87:15)
    at SessionCipher.doDecryptWhisperMessage (C:\whatsapp_bot_himauntika\node_modules\libsignal\src\session_cipher.js:250:16)
    at async SessionCipher.decryptWithSessions (C:\whatsapp_bot_himauntika\node_modules\libsignal\src\session_cipher.js:147:29)
    at async 86136139558955.0 [as awaitable] (C:\whatsapp_bot_himauntika\node_modules\libsignal\src\session_cipher.js:171:28)
    at async _asyncQueueExecutor (C:\whatsapp_bot_himauntika\node_modules\libsignal\src\queue_job.js:20:29)
Session error:Error: Bad MAC Error: Bad MAC
    at Object.verifyMAC (C:\whatsapp_bot_himauntika\node_modules\libsignal\src\crypto.js:87:15)
    at SessionCipher.doDecryptWhisperMessage (C:\whatsapp_bot_himauntika\node_modules\libsignal\src\session_cipher.js:250:16)
    at async SessionCipher.decryptWithSessions (C:\whatsapp_bot_himauntika\node_modules\libsignal\src\session_cipher.js:147:29)
    at async 86136139558955.0 [as awaitable] (C:\whatsapp_bot_himauntika\node_modules\libsignal\src\session_cipher.js:171:28)
    at async _asyncQueueExecutor (C:\whatsapp_bot_himauntika\node_modules\libsignal\src\queue_job.js:20:29)
Session error:Error: Bad MAC Error: Bad MAC
    at Object.verifyMAC (C:\whatsapp_bot_himauntika\node_modules\libsignal\src\crypto.js:87:15)
    at SessionCipher.doDecryptWhisperMessage (C:\whatsapp_bot_himauntika\node_modules\libsignal\src\session_cipher.js:250:16)
    at async SessionCipher.decryptWithSessions (C:\whatsapp_bot_himauntika\node_modules\libsignal\src\session_cipher.js:147:29)
    at async 86136139558955.0 [as awaitable] (C:\whatsapp_bot_himauntika\node_modules\libsignal\src\session_cipher.js:171:28)
    at async _asyncQueueExecutor (C:\whatsapp_bot_himauntika\node_modules\libsignal\src\queue_job.js:20:29)
Session error:Error: Bad MAC Error: Bad MAC
    at Object.verifyMAC (C:\whatsapp_bot_himauntika\node_modules\libsignal\src\crypto.js:87:15)
    at SessionCipher.doDecryptWhisperMessage (C:\whatsapp_bot_himauntika\node_modules\libsignal\src\session_cipher.js:250:16)
    at async SessionCipher.decryptWithSessions (C:\whatsapp_bot_himauntika\node_modules\libsignal\src\session_cipher.js:147:29)
    at async 86136139558955.0 [as awaitable] (C:\whatsapp_bot_himauntika\node_modules\libsignal\src\session_cipher.js:171:28)
    at async _asyncQueueExecutor (C:\whatsapp_bot_himauntika\node_modules\libsignal\src\queue_job.js:20:29)
Closing open session in favor of incoming prekey bundle
